Determining if the CL_VERSION_2_2 exist failed with the following output:
Change Dir: /Users/lmpn/Desktop/conan_example/wrap-cl/build/CMakeFiles/CMakeTmp

Run Build Command(s):/usr/bin/make cmTC_69259/fast && /Library/Developer/CommandLineTools/usr/bin/make  -f CMakeFiles/cmTC_69259.dir/build.make CMakeFiles/cmTC_69259.dir/build
Building C object CMakeFiles/cmTC_69259.dir/CheckSymbolExists.c.o
/usr/bin/clang  -F/Library/Developer/CommandLineTools/SDKs/MacOSX10.15.sdk/System/Library/Frameworks -isysroot /Library/Developer/CommandLineTools/SDKs/MacOSX10.15.sdk -mmacosx-version-min=10.14 -o CMakeFiles/cmTC_69259.dir/CheckSymbolExists.c.o -c /Users/lmpn/Desktop/conan_example/wrap-cl/build/CMakeFiles/CMakeTmp/CheckSymbolExists.c
/Users/lmpn/Desktop/conan_example/wrap-cl/build/CMakeFiles/CMakeTmp/CheckSymbolExists.c:8:19: error: use of undeclared identifier 'CL_VERSION_2_2'
  return ((int*)(&CL_VERSION_2_2))[argc];
                  ^
1 error generated.
make[1]: *** [CMakeFiles/cmTC_69259.dir/CheckSymbolExists.c.o] Error 1
make: *** [cmTC_69259/fast] Error 2


File /Users/lmpn/Desktop/conan_example/wrap-cl/build/CMakeFiles/CMakeTmp/CheckSymbolExists.c:
/* */
#include </Library/Developer/CommandLineTools/SDKs/MacOSX10.15.sdk/System/Library/Frameworks/OpenCL.framework/Headers/cl.h>

int main(int argc, char** argv)
{
  (void)argv;
#ifndef CL_VERSION_2_2
  return ((int*)(&CL_VERSION_2_2))[argc];
#else
  (void)argc;
  return 0;
#endif
}
Determining if the CL_VERSION_2_1 exist failed with the following output:
Change Dir: /Users/lmpn/Desktop/conan_example/wrap-cl/build/CMakeFiles/CMakeTmp

Run Build Command(s):/usr/bin/make cmTC_9614f/fast && /Library/Developer/CommandLineTools/usr/bin/make  -f CMakeFiles/cmTC_9614f.dir/build.make CMakeFiles/cmTC_9614f.dir/build
Building C object CMakeFiles/cmTC_9614f.dir/CheckSymbolExists.c.o
/usr/bin/clang  -F/Library/Developer/CommandLineTools/SDKs/MacOSX10.15.sdk/System/Library/Frameworks -isysroot /Library/Developer/CommandLineTools/SDKs/MacOSX10.15.sdk -mmacosx-version-min=10.14 -o CMakeFiles/cmTC_9614f.dir/CheckSymbolExists.c.o -c /Users/lmpn/Desktop/conan_example/wrap-cl/build/CMakeFiles/CMakeTmp/CheckSymbolExists.c
/Users/lmpn/Desktop/conan_example/wrap-cl/build/CMakeFiles/CMakeTmp/CheckSymbolExists.c:8:19: error: use of undeclared identifier 'CL_VERSION_2_1'
  return ((int*)(&CL_VERSION_2_1))[argc];
                  ^
1 error generated.
make[1]: *** [CMakeFiles/cmTC_9614f.dir/CheckSymbolExists.c.o] Error 1
make: *** [cmTC_9614f/fast] Error 2


File /Users/lmpn/Desktop/conan_example/wrap-cl/build/CMakeFiles/CMakeTmp/CheckSymbolExists.c:
/* */
#include </Library/Developer/CommandLineTools/SDKs/MacOSX10.15.sdk/System/Library/Frameworks/OpenCL.framework/Headers/cl.h>

int main(int argc, char** argv)
{
  (void)argv;
#ifndef CL_VERSION_2_1
  return ((int*)(&CL_VERSION_2_1))[argc];
#else
  (void)argc;
  return 0;
#endif
}
Determining if the CL_VERSION_2_0 exist failed with the following output:
Change Dir: /Users/lmpn/Desktop/conan_example/wrap-cl/build/CMakeFiles/CMakeTmp

Run Build Command(s):/usr/bin/make cmTC_353a0/fast && /Library/Developer/CommandLineTools/usr/bin/make  -f CMakeFiles/cmTC_353a0.dir/build.make CMakeFiles/cmTC_353a0.dir/build
Building C object CMakeFiles/cmTC_353a0.dir/CheckSymbolExists.c.o
/usr/bin/clang  -F/Library/Developer/CommandLineTools/SDKs/MacOSX10.15.sdk/System/Library/Frameworks -isysroot /Library/Developer/CommandLineTools/SDKs/MacOSX10.15.sdk -mmacosx-version-min=10.14 -o CMakeFiles/cmTC_353a0.dir/CheckSymbolExists.c.o -c /Users/lmpn/Desktop/conan_example/wrap-cl/build/CMakeFiles/CMakeTmp/CheckSymbolExists.c
/Users/lmpn/Desktop/conan_example/wrap-cl/build/CMakeFiles/CMakeTmp/CheckSymbolExists.c:8:19: error: use of undeclared identifier 'CL_VERSION_2_0'
  return ((int*)(&CL_VERSION_2_0))[argc];
                  ^
1 error generated.
make[1]: *** [CMakeFiles/cmTC_353a0.dir/CheckSymbolExists.c.o] Error 1
make: *** [cmTC_353a0/fast] Error 2


File /Users/lmpn/Desktop/conan_example/wrap-cl/build/CMakeFiles/CMakeTmp/CheckSymbolExists.c:
/* */
#include </Library/Developer/CommandLineTools/SDKs/MacOSX10.15.sdk/System/Library/Frameworks/OpenCL.framework/Headers/cl.h>

int main(int argc, char** argv)
{
  (void)argv;
#ifndef CL_VERSION_2_0
  return ((int*)(&CL_VERSION_2_0))[argc];
#else
  (void)argc;
  return 0;
#endif
}
